<?xml version="1.0" encoding="UTF-8"?>
<testng-results ignored="0" total="1" passed="1" failed="0" skipped="0">
  <reporter-output>
  </reporter-output>
  <suite started-at="2024-03-28T16:34:24 IST" name="Default suite" finished-at="2024-03-28T16:34:24 IST" duration-ms="29">
    <groups>
    </groups>
    <test started-at="2024-03-28T16:34:24 IST" name="Default test" finished-at="2024-03-28T16:34:24 IST" duration-ms="29">
      <class name="TEST_NG_TY.PassTheDataFromCommandPrompt">
        <test-method signature="method1()[pri:0, instance:TEST_NG_TY.PassTheDataFromCommandPrompt@31fa1761]" started-at="2024-03-28T16:34:24 IST" name="method1" finished-at="2024-03-28T16:34:24 IST" duration-ms="7" status="PASS">
          <reporter-output>
          </reporter-output>
        </test-method> <!-- method1 -->
      </class> <!-- TEST_NG_TY.PassTheDataFromCommandPrompt -->
    </test> <!-- Default test -->
  </suite> <!-- Default suite -->
</testng-results>
